[25-Sep-2024 01:33:32 UTC] PHP Warning:  call_user_func_array() expects parameter 1 to be a valid callback, class 'Eventter' does not have a method 'custom_post_type_' in /usr/src/myapp/wp-includes/class-wp-hook.php on line 324
[25-Sep-2024 01:33:32 UTC] PHP Warning:  Cannot modify header information - headers already sent by (output started at /usr/src/myapp/wp-includes/class-wp-hook.php:324) in /usr/src/myapp/wp-admin/includes/misc.php on line 1438
[25-Sep-2024 01:33:32 UTC] PHP Warning:  Cannot modify header information - headers already sent by (output started at /usr/src/myapp/wp-includes/class-wp-hook.php:324) in /usr/src/myapp/wp-includes/functions.php on line 7108
[25-Sep-2024 01:33:32 UTC] PHP Warning:  Cannot modify header information - headers already sent by (output started at /usr/src/myapp/wp-includes/class-wp-hook.php:324) in /usr/src/myapp/wp-admin/admin-header.php on line 9
[25-Sep-2024 01:33:32 UTC] PHP Warning:  Cannot modify header information - headers already sent by (output started at /usr/src/myapp/wp-includes/class-wp-hook.php:324) in /usr/src/myapp/wp-includes/option.php on line 1692
[25-Sep-2024 01:33:32 UTC] PHP Warning:  Cannot modify header information - headers already sent by (output started at /usr/src/myapp/wp-includes/class-wp-hook.php:324) in /usr/src/myapp/wp-includes/option.php on line 1693
[25-Sep-2024 01:34:02 UTC] PHP Warning:  call_user_func_array() expects parameter 1 to be a valid callback, class 'Eventter' does not have a method 'custom_post_type_' in /usr/src/myapp/wp-includes/class-wp-hook.php on line 324
[25-Sep-2024 01:34:02 UTC] PHP Warning:  Cannot modify header information - headers already sent by (output started at /usr/src/myapp/wp-includes/class-wp-hook.php:324) in /usr/src/myapp/wp-admin/includes/misc.php on line 1438
[25-Sep-2024 01:34:02 UTC] PHP Warning:  Cannot modify header information - headers already sent by (output started at /usr/src/myapp/wp-includes/class-wp-hook.php:324) in /usr/src/myapp/wp-includes/functions.php on line 7108
[25-Sep-2024 01:34:02 UTC] PHP Warning:  Cannot modify header information - headers already sent by (output started at /usr/src/myapp/wp-includes/class-wp-hook.php:324) in /usr/src/myapp/wp-admin/admin-header.php on line 9
[25-Sep-2024 01:34:02 UTC] PHP Warning:  Cannot modify header information - headers already sent by (output started at /usr/src/myapp/wp-includes/class-wp-hook.php:324) in /usr/src/myapp/wp-includes/option.php on line 1692
[25-Sep-2024 01:34:02 UTC] PHP Warning:  Cannot modify header information - headers already sent by (output started at /usr/src/myapp/wp-includes/class-wp-hook.php:324) in /usr/src/myapp/wp-includes/option.php on line 1693
[25-Sep-2024 01:34:10 UTC] PHP Warning:  call_user_func_array() expects parameter 1 to be a valid callback, class 'Eventter' does not have a method 'custom_post_type_' in /usr/src/myapp/wp-includes/class-wp-hook.php on line 324
[25-Sep-2024 01:34:10 UTC] PHP Warning:  Cannot modify header information - headers already sent by (output started at /usr/src/myapp/wp-includes/class-wp-hook.php:324) in /usr/src/myapp/wp-admin/includes/misc.php on line 1438
[25-Sep-2024 01:34:10 UTC] PHP Warning:  Cannot modify header information - headers already sent by (output started at /usr/src/myapp/wp-includes/class-wp-hook.php:324) in /usr/src/myapp/wp-includes/functions.php on line 7108
[25-Sep-2024 01:34:10 UTC] PHP Warning:  Cannot modify header information - headers already sent by (output started at /usr/src/myapp/wp-includes/class-wp-hook.php:324) in /usr/src/myapp/wp-admin/admin-header.php on line 9
[25-Sep-2024 01:34:10 UTC] PHP Warning:  Cannot modify header information - headers already sent by (output started at /usr/src/myapp/wp-includes/class-wp-hook.php:324) in /usr/src/myapp/wp-includes/option.php on line 1692
[25-Sep-2024 01:34:10 UTC] PHP Warning:  Cannot modify header information - headers already sent by (output started at /usr/src/myapp/wp-includes/class-wp-hook.php:324) in /usr/src/myapp/wp-includes/option.php on line 1693
[25-Sep-2024 01:34:17 UTC] PHP Warning:  call_user_func_array() expects parameter 1 to be a valid callback, class 'Eventter' does not have a method 'custom_post_type_' in /usr/src/myapp/wp-includes/class-wp-hook.php on line 324
[25-Sep-2024 01:34:17 UTC] PHP Warning:  Cannot modify header information - headers already sent by (output started at /usr/src/myapp/wp-includes/class-wp-hook.php:324) in /usr/src/myapp/wp-admin/includes/misc.php on line 1438
[25-Sep-2024 01:34:17 UTC] PHP Warning:  Cannot modify header information - headers already sent by (output started at /usr/src/myapp/wp-includes/class-wp-hook.php:324) in /usr/src/myapp/wp-includes/functions.php on line 7108
[25-Sep-2024 01:34:17 UTC] PHP Warning:  Cannot modify header information - headers already sent by (output started at /usr/src/myapp/wp-includes/class-wp-hook.php:324) in /usr/src/myapp/wp-admin/admin-header.php on line 9
[25-Sep-2024 01:34:17 UTC] PHP Warning:  Cannot modify header information - headers already sent by (output started at /usr/src/myapp/wp-includes/class-wp-hook.php:324) in /usr/src/myapp/wp-includes/option.php on line 1692
[25-Sep-2024 01:34:17 UTC] PHP Warning:  Cannot modify header information - headers already sent by (output started at /usr/src/myapp/wp-includes/class-wp-hook.php:324) in /usr/src/myapp/wp-includes/option.php on line 1693
[25-Sep-2024 01:34:19 UTC] PHP Warning:  call_user_func_array() expects parameter 1 to be a valid callback, class 'Eventter' does not have a method 'custom_post_type_' in /usr/src/myapp/wp-includes/class-wp-hook.php on line 324
[25-Sep-2024 01:34:19 UTC] PHP Warning:  Cannot modify header information - headers already sent by (output started at /usr/src/myapp/wp-includes/class-wp-hook.php:324) in /usr/src/myapp/wp-admin/includes/misc.php on line 1438
[25-Sep-2024 01:34:19 UTC] PHP Warning:  Cannot modify header information - headers already sent by (output started at /usr/src/myapp/wp-includes/class-wp-hook.php:324) in /usr/src/myapp/wp-includes/functions.php on line 7108
[25-Sep-2024 01:34:22 UTC] PHP Warning:  call_user_func_array() expects parameter 1 to be a valid callback, class 'Eventter' does not have a method 'custom_post_type_' in /usr/src/myapp/wp-includes/class-wp-hook.php on line 324
[25-Sep-2024 01:34:22 UTC] PHP Warning:  Cannot modify header information - headers already sent by (output started at /usr/src/myapp/wp-includes/class-wp-hook.php:324) in /usr/src/myapp/wp-admin/includes/misc.php on line 1438
[25-Sep-2024 01:34:22 UTC] PHP Warning:  Cannot modify header information - headers already sent by (output started at /usr/src/myapp/wp-includes/class-wp-hook.php:324) in /usr/src/myapp/wp-includes/functions.php on line 7108
[25-Sep-2024 01:34:22 UTC] PHP Warning:  Cannot modify header information - headers already sent by (output started at /usr/src/myapp/wp-includes/class-wp-hook.php:324) in /usr/src/myapp/wp-admin/admin-header.php on line 9
[25-Sep-2024 01:34:22 UTC] PHP Warning:  Cannot modify header information - headers already sent by (output started at /usr/src/myapp/wp-includes/class-wp-hook.php:324) in /usr/src/myapp/wp-includes/option.php on line 1692
[25-Sep-2024 01:34:22 UTC] PHP Warning:  Cannot modify header information - headers already sent by (output started at /usr/src/myapp/wp-includes/class-wp-hook.php:324) in /usr/src/myapp/wp-includes/option.php on line 1693
[25-Sep-2024 02:18:35 UTC] PHP Warning:  call_user_func_array() expects parameter 1 to be a valid callback, class 'Eventter' does not have a method 'add_event_meta_box' in /usr/src/myapp/wp-includes/class-wp-hook.php on line 326
[25-Sep-2024 02:18:35 UTC] PHP Warning:  Cannot modify header information - headers already sent by (output started at /usr/src/myapp/wp-includes/class-wp-hook.php:326) in /usr/src/myapp/wp-admin/admin-header.php on line 9
[25-Sep-2024 02:18:56 UTC] PHP Warning:  call_user_func_array() expects parameter 1 to be a valid callback, class 'Eventter' does not have a method 'add_event_meta_box' in /usr/src/myapp/wp-includes/class-wp-hook.php on line 326
[25-Sep-2024 02:18:56 UTC] PHP Warning:  Cannot modify header information - headers already sent by (output started at /usr/src/myapp/wp-includes/class-wp-hook.php:326) in /usr/src/myapp/wp-admin/admin-header.php on line 9
